<?xml version="1.0" encoding="UTF-8"?>
<testsuite xmlns:xsi="http://www.w3.org/2001/XMLSchema-instance" xsi:schemaLocation="https://maven.apache.org/surefire/maven-surefire-plugin/xsd/surefire-test-report.xsd" name="MainTest" time="3.863" tests="1" errors="1" skipped="0" failures="0">
  <properties>
[...]
</properties>
  <testcase name="MainTest" classname="MainTest" time="3.862">
    <error message="Could not contact any RepNode at: [172.17.0.2:5000] (18.3.10)" type="oracle.kv.FaultException">oracle.kv.FaultException: Could not contact any RepNode at: [172.17.0.2:5000] (18.3.10)
	at MainTest.startTheServer(MainTest.java:30)
Caused by: oracle.kv.KVStoreException: Could not contact any RepNode at: [172.17.0.2:5000]
	at MainTest.startTheServer(MainTest.java:30)
Caused by: java.rmi.ConnectIOException: 
Problem connecting to the storage node agent, which may be caused by a security mismatch between the client and server, or by another network connectivity issue; nested exception is: 
	java.rmi.ConnectIOException: Exception creating connection to: 172.17.0.2; nested exception is: 
	java.net.SocketTimeoutException: connect timed out
Caused by: java.rmi.ConnectIOException: 
Exception creating connection to: 172.17.0.2; nested exception is: 
	java.net.SocketTimeoutException: connect timed out
Caused by: java.net.SocketTimeoutException: connect timed out
</error>
  </testcase>
</testsuite>