<?xml version="1.0" encoding="UTF-8"?>
<testsuite xmlns:xsi="http://www.w3.org/2001/XMLSchema-instance" xsi:schemaLocation="https://maven.apache.org/surefire/maven-surefire-plugin/xsd/surefire-test-report.xsd" name="MainTest" time="5.073" tests="5" errors="0" skipped="0" failures="0">
  <properties>
[...]
</properties>
  <testcase name="testConcludeMatch" classname="MainTest" time="1.246"/>
  <testcase name="testDeletePlayer" classname="MainTest" time="0.346"/>
  <testcase name="testAddPlayer" classname="MainTest" time="0.086"/>
  <testcase name="testInMatch" classname="MainTest" time="0.188"/>
  <testcase name="testRatios" classname="MainTest" time="0.529"/>
</testsuite>